  functions.cpp
D:\Programming\c-codes\C++\work-w-files\work-w-files\header.h(7,32): warning C4081: expected 'newline'; found ';'
D:\Programming\c-codes\C++\work-w-files\work-w-files\functions.cpp(9,10): warning C4566: character represented by universal-character-name '\u0424' cannot be represented in the current code page (1252)
D:\Programming\c-codes\C++\work-w-files\work-w-files\functions.cpp(9,10): warning C4566: character represented by universal-character-name '\u0430' cannot be represented in the current code page (1252)
D:\Programming\c-codes\C++\work-w-files\work-w-files\functions.cpp(9,10): warning C4566: character represented by universal-character-name '\u0439' cannot be represented in the current code page (1252)
D:\Programming\c-codes\C++\work-w-files\work-w-files\functions.cpp(9,10): warning C4566: character represented by universal-character-name '\u043B' cannot be represented in the current code page (1252)
D:\Programming\c-codes\C++\work-w-files\work-w-files\functions.cpp(9,10): warning C4566: character represented by universal-character-name '\u0443' cannot be represented in the current code page (1252)
D:\Programming\c-codes\C++\work-w-files\work-w-files\functions.cpp(9,10): warning C4566: character represented by universal-character-name '\u0441' cannot be represented in the current code page (1252)
D:\Programming\c-codes\C++\work-w-files\work-w-files\functions.cpp(9,10): warning C4566: character represented by universal-character-name '\u043F' cannot be represented in the current code page (1252)
D:\Programming\c-codes\C++\work-w-files\work-w-files\functions.cpp(9,10): warning C4566: character represented by universal-character-name '\u0448' cannot be represented in the current code page (1252)
D:\Programming\c-codes\C++\work-w-files\work-w-files\functions.cpp(9,10): warning C4566: character represented by universal-character-name '\u043D' cannot be represented in the current code page (1252)
D:\Programming\c-codes\C++\work-w-files\work-w-files\functions.cpp(9,10): warning C4566: character represented by universal-character-name '\u043E' cannot be represented in the current code page (1252)
D:\Programming\c-codes\C++\work-w-files\work-w-files\functions.cpp(9,10): warning C4566: character represented by universal-character-name '\u0442' cannot be represented in the current code page (1252)
D:\Programming\c-codes\C++\work-w-files\work-w-files\functions.cpp(9,10): warning C4566: character represented by universal-character-name '\u0432' cannot be represented in the current code page (1252)
D:\Programming\c-codes\C++\work-w-files\work-w-files\functions.cpp(9,10): warning C4566: character represented by universal-character-name '\u0440' cannot be represented in the current code page (1252)
D:\Programming\c-codes\C++\work-w-files\work-w-files\functions.cpp(9,10): warning C4566: character represented by universal-character-name '\u0435' cannot be represented in the current code page (1252)
D:\Programming\c-codes\C++\work-w-files\work-w-files\functions.cpp(21,19): warning C4566: character represented by universal-character-name '\u041D' cannot be represented in the current code page (1252)
D:\Programming\c-codes\C++\work-w-files\work-w-files\functions.cpp(21,19): warning C4566: character represented by universal-character-name '\u0435' cannot be represented in the current code page (1252)
D:\Programming\c-codes\C++\work-w-files\work-w-files\functions.cpp(21,19): warning C4566: character represented by universal-character-name '\u0432' cannot be represented in the current code page (1252)
D:\Programming\c-codes\C++\work-w-files\work-w-files\functions.cpp(21,19): warning C4566: character represented by universal-character-name '\u0434' cannot be represented in the current code page (1252)
D:\Programming\c-codes\C++\work-w-files\work-w-files\functions.cpp(21,19): warning C4566: character represented by universal-character-name '\u0430' cannot be represented in the current code page (1252)
D:\Programming\c-codes\C++\work-w-files\work-w-files\functions.cpp(21,19): warning C4566: character represented by universal-character-name '\u043B' cannot be represented in the current code page (1252)
D:\Programming\c-codes\C++\work-w-files\work-w-files\functions.cpp(21,19): warning C4566: character represented by universal-character-name '\u043E' cannot be represented in the current code page (1252)
D:\Programming\c-codes\C++\work-w-files\work-w-files\functions.cpp(21,19): warning C4566: character represented by universal-character-name '\u0441' cannot be represented in the current code page (1252)
D:\Programming\c-codes\C++\work-w-files\work-w-files\functions.cpp(21,19): warning C4566: character represented by universal-character-name '\u044F' cannot be represented in the current code page (1252)
D:\Programming\c-codes\C++\work-w-files\work-w-files\functions.cpp(21,19): warning C4566: character represented by universal-character-name '\u0442' cannot be represented in the current code page (1252)
D:\Programming\c-codes\C++\work-w-files\work-w-files\functions.cpp(21,19): warning C4566: character represented by universal-character-name '\u0440' cannot be represented in the current code page (1252)
D:\Programming\c-codes\C++\work-w-files\work-w-files\functions.cpp(21,19): warning C4566: character represented by universal-character-name '\u0438' cannot be represented in the current code page (1252)
D:\Programming\c-codes\C++\work-w-files\work-w-files\functions.cpp(21,19): warning C4566: character represented by universal-character-name '\u0431' cannot be represented in the current code page (1252)
D:\Programming\c-codes\C++\work-w-files\work-w-files\functions.cpp(21,19): warning C4566: character represented by universal-character-name '\u043A' cannot be represented in the current code page (1252)
D:\Programming\c-codes\C++\work-w-files\work-w-files\functions.cpp(21,19): warning C4566: character represented by universal-character-name '\u0444' cannot be represented in the current code page (1252)
D:\Programming\c-codes\C++\work-w-files\work-w-files\functions.cpp(21,19): warning C4566: character represented by universal-character-name '\u0439' cannot be represented in the current code page (1252)
D:\Programming\c-codes\C++\work-w-files\work-w-files\functions.cpp(33,11): warning C4566: character represented by universal-character-name '\u041F' cannot be represented in the current code page (1252)
D:\Programming\c-codes\C++\work-w-files\work-w-files\functions.cpp(33,11): warning C4566: character represented by universal-character-name '\u043E' cannot be represented in the current code page (1252)
D:\Programming\c-codes\C++\work-w-files\work-w-files\functions.cpp(33,11): warning C4566: character represented by universal-character-name '\u043C' cannot be represented in the current code page (1252)
D:\Programming\c-codes\C++\work-w-files\work-w-files\functions.cpp(33,11): warning C4566: character represented by universal-character-name '\u0438' cannot be represented in the current code page (1252)
D:\Programming\c-codes\C++\work-w-files\work-w-files\functions.cpp(33,11): warning C4566: character represented by universal-character-name '\u043B' cannot be represented in the current code page (1252)
D:\Programming\c-codes\C++\work-w-files\work-w-files\functions.cpp(33,11): warning C4566: character represented by universal-character-name '\u043A' cannot be represented in the current code page (1252)
D:\Programming\c-codes\C++\work-w-files\work-w-files\functions.cpp(33,11): warning C4566: character represented by universal-character-name '\u0430' cannot be represented in the current code page (1252)
D:\Programming\c-codes\C++\work-w-files\work-w-files\functions.cpp(33,11): warning C4566: character represented by universal-character-name '\u0424' cannot be represented in the current code page (1252)
D:\Programming\c-codes\C++\work-w-files\work-w-files\functions.cpp(33,11): warning C4566: character represented by universal-character-name '\u0439' cannot be represented in the current code page (1252)
D:\Programming\c-codes\C++\work-w-files\work-w-files\functions.cpp(33,11): warning C4566: character represented by universal-character-name '\u043D' cannot be represented in the current code page (1252)
D:\Programming\c-codes\C++\work-w-files\work-w-files\functions.cpp(33,11): warning C4566: character represented by universal-character-name '\u0435' cannot be represented in the current code page (1252)
D:\Programming\c-codes\C++\work-w-files\work-w-files\functions.cpp(33,11): warning C4566: character represented by universal-character-name '\u0432' cannot be represented in the current code page (1252)
D:\Programming\c-codes\C++\work-w-files\work-w-files\functions.cpp(33,11): warning C4566: character represented by universal-character-name '\u0434' cannot be represented in the current code page (1252)
D:\Programming\c-codes\C++\work-w-files\work-w-files\functions.cpp(33,11): warning C4566: character represented by universal-character-name '\u0440' cannot be represented in the current code page (1252)
D:\Programming\c-codes\C++\work-w-files\work-w-files\functions.cpp(33,11): warning C4566: character represented by universal-character-name '\u0442' cannot be represented in the current code page (1252)
D:\Programming\c-codes\C++\work-w-files\work-w-files\functions.cpp(52,19): warning C4267: 'initializing': conversion from 'size_t' to 'int', possible loss of data
D:\Programming\c-codes\C++\work-w-files\work-w-files\functions.cpp(68,29): warning C4267: 'initializing': conversion from 'size_t' to 'int', possible loss of data
D:\Programming\c-codes\C++\work-w-files\work-w-files\functions.cpp(81,10): warning C4566: character represented by universal-character-name '\u041C' cannot be represented in the current code page (1252)
D:\Programming\c-codes\C++\work-w-files\work-w-files\functions.cpp(81,10): warning C4566: character represented by universal-character-name '\u043E' cannot be represented in the current code page (1252)
D:\Programming\c-codes\C++\work-w-files\work-w-files\functions.cpp(81,10): warning C4566: character represented by universal-character-name '\u0434' cannot be represented in the current code page (1252)
D:\Programming\c-codes\C++\work-w-files\work-w-files\functions.cpp(81,10): warning C4566: character represented by universal-character-name '\u0438' cannot be represented in the current code page (1252)
D:\Programming\c-codes\C++\work-w-files\work-w-files\functions.cpp(81,10): warning C4566: character represented by universal-character-name '\u0444' cannot be represented in the current code page (1252)
D:\Programming\c-codes\C++\work-w-files\work-w-files\functions.cpp(81,10): warning C4566: character represented by universal-character-name '\u043A' cannot be represented in the current code page (1252)
D:\Programming\c-codes\C++\work-w-files\work-w-files\functions.cpp(81,10): warning C4566: character represented by universal-character-name '\u0432' cannot be represented in the current code page (1252)
D:\Programming\c-codes\C++\work-w-files\work-w-files\functions.cpp(81,10): warning C4566: character represented by universal-character-name '\u0430' cannot be represented in the current code page (1252)
D:\Programming\c-codes\C++\work-w-files\work-w-files\functions.cpp(81,10): warning C4566: character represented by universal-character-name '\u043D' cannot be represented in the current code page (1252)
D:\Programming\c-codes\C++\work-w-files\work-w-files\functions.cpp(81,10): warning C4566: character represented by universal-character-name '\u0440' cannot be represented in the current code page (1252)
D:\Programming\c-codes\C++\work-w-files\work-w-files\functions.cpp(81,10): warning C4566: character represented by universal-character-name '\u044F' cannot be represented in the current code page (1252)
  main.cpp
D:\Programming\c-codes\C++\work-w-files\work-w-files\header.h(7,32): warning C4081: expected 'newline'; found ';'
  Generating Code...
D:\Programming\c-codes\C++\work-w-files\work-w-files\functions.cpp(24): warning C4715: 'ReadingFile': not all control paths return a value
  work-w-files.vcxproj -> D:\Programming\c-codes\C++\work-w-files\x64\Debug\work-w-files.exe
